

Version:	3.50
CmdLine:	D:\Programming\funsies\CCC\CCC.exe --l4j-debug
JNI:		No
WOW64:		Yes
Working dir:	D:\Programming\funsies\CCC\.
Requires JDK:	No
Requires 64-Bit: No
Java min ver:	
Java max ver:	
Substitute:	JAVA_HOME = 
Substitute:	PATH = C:\Program Files\National Instruments\Shared\OpenVINO\;C:\Program Files\Oculus\Support\oculus-runtime;C:\Program Files\Common Files\Oracle\Java\javapath;C:\Program Files (x86)\Common Files\Oracle\Java\java8path;C:\Program Files (x86)\Common Files\Oracle\Java\javapath;C:\Program Files\Eclipse Adoptium\jdk-8.0.402.6-hotspot\bin;c:\windows\system32;c:\windows;c:\windows\system32\wbem;c:\windows\system32\windowspowershell\v1.0\;c:\windows\system32\openssh\;c:\program files\microsoft sql server\150\tools\binn\;c:\program files\microsoft sql server\client sdk\odbc\170\tools\binn\;c:\program files\dotnet\;c:\program files (x86)\windows kits\10\windows performance toolkit\;C:\Program Files (x86)\NVIDIA Corporation\PhysX\Common;C:\Program Files\Git\cmd;C:\Program Files\playit_gg\bin\;C:\Program Files\nodejs\;C:\Gradle\gradle-8.14.1\bin;;C:\Program Files\NVIDIA Corporation\NVIDIA App\NvDLISR;C:\Users\royle\AppData\Local\Programs\Python\Launcher\;C:\Users\royle\AppData\Local\Microsoft\WindowsApps;C:\Users\royle\.dotnet\tools;C:\Users\royle\AppData\Local\Programs\Microsoft VS Code\bin;C:\Users\royle\AppData\Roaming\npm;C:\Program Files (x86)\Jar2Exe Wizard\;C:\Program Files\Eclipse Adoptium\jdk-8.0.402.6-hotspot\bin
JRE paths:	;C:\Program Files\National Instruments\Shared\OpenVINO\;C:\Program Files\Oculus\Support\oculus-runtime;C:\Program Files\Common Files\Oracle\Java\javapath;C:\Program Files (x86)\Common Files\Oracle\Java\java8path;C:\Program Files (x86)\Common Files\Oracle\Java\javapath;C:\Program Files\Eclipse Adoptium\jdk-8.0.402.6-hotspot\bin;c:\windows\system32;c:\windows;c:\windows\system32\wbem;c:\windows\system32\windowspowershell\v1.0\;c:\windows\system32\openssh\;c:\program files\microsoft sql server\150\tools\binn\;c:\program files\microsoft sql server\client sdk\odbc\170\tools\binn\;c:\program files\dotnet\;c:\program files (x86)\windows kits\10\windows performance toolkit\;C:\Program Files (x86)\NVIDIA Corporation\PhysX\Common;C:\Program Files\Git\cmd;C:\Program Files\playit_gg\bin\;C:\Program Files\nodejs\;C:\Gradle\gradle-8.14.1\bin;;C:\Program Files\NVIDIA Corporation\NVIDIA App\NvDLISR;C:\Users\royle\AppData\Local\Programs\Python\Launcher\;C:\Users\royle\AppData\Local\Microsoft\WindowsApps;C:\Users\royle\.dotnet\tools;C:\Users\royle\AppData\Local\Programs\Microsoft VS Code\bin;C:\Users\royle\AppData\Roaming\npm;C:\Program Files (x86)\Jar2Exe Wizard\;C:\Program Files\Eclipse Adoptium\jdk-8.0.402.6-hotspot\bin
Check launcher:	C:\Program Files\National Instruments\Shared\OpenVINO\bin\javaw.exe (not found)
Check launcher:	C:\Program Files\Oculus\Support\oculus-runtime\bin\javaw.exe (not found)
Check launcher:	C:\Program Files\Common Files\Oracle\Java\javapath\bin\javaw.exe (not found)
Check launcher:	C:\Program Files (x86)\Common Files\Oracle\Java\java8path\bin\javaw.exe (not found)
Check launcher:	C:\Program Files (x86)\Common Files\Oracle\Java\javapath\bin\javaw.exe (not found)
Check launcher:	C:\Program Files\Eclipse Adoptium\jdk-8.0.402.6-hotspot\bin\javaw.exe (OK)
Version string: 1.008.000_402 / 64-Bit (OK)
Launcher:	C:\Program Files\Eclipse Adoptium\jdk-8.0.402.6-hotspot\bin\javaw.exe
Launcher args:	-jar "D:\Programming\funsies\CCC\CCC.exe"
Args length:	41/32768 chars
Exit code:	0


Version:	3.50
CmdLine:	D:\Programming\funsies\CCC\CCC.exe --l4j-debug
JNI:		No
WOW64:		Yes
Working dir:	D:\Programming\funsies\CCC\.
Requires JDK:	No
Requires 64-Bit: No
Java min ver:	
Java max ver:	
Substitute:	JAVA_HOME = 
Substitute:	PATH = C:\Program Files\National Instruments\Shared\OpenVINO\;C:\Program Files\Oculus\Support\oculus-runtime;C:\Program Files\Common Files\Oracle\Java\javapath;C:\Program Files (x86)\Common Files\Oracle\Java\java8path;C:\Program Files (x86)\Common Files\Oracle\Java\javapath;C:\Program Files\Eclipse Adoptium\jdk-8.0.402.6-hotspot\bin;c:\windows\system32;c:\windows;c:\windows\system32\wbem;c:\windows\system32\windowspowershell\v1.0\;c:\windows\system32\openssh\;c:\program files\microsoft sql server\150\tools\binn\;c:\program files\microsoft sql server\client sdk\odbc\170\tools\binn\;c:\program files\dotnet\;c:\program files (x86)\windows kits\10\windows performance toolkit\;C:\Program Files (x86)\NVIDIA Corporation\PhysX\Common;C:\Program Files\Git\cmd;C:\Program Files\playit_gg\bin\;C:\Program Files\nodejs\;C:\Gradle\gradle-8.14.1\bin;;C:\Program Files\NVIDIA Corporation\NVIDIA App\NvDLISR;C:\Users\royle\AppData\Local\Programs\Python\Launcher\;C:\Users\royle\AppData\Local\Microsoft\WindowsApps;C:\Users\royle\.dotnet\tools;C:\Users\royle\AppData\Local\Programs\Microsoft VS Code\bin;C:\Users\royle\AppData\Roaming\npm;C:\Program Files (x86)\Jar2Exe Wizard\;C:\Program Files\Eclipse Adoptium\jdk-8.0.402.6-hotspot\bin
JRE paths:	;C:\Program Files\National Instruments\Shared\OpenVINO\;C:\Program Files\Oculus\Support\oculus-runtime;C:\Program Files\Common Files\Oracle\Java\javapath;C:\Program Files (x86)\Common Files\Oracle\Java\java8path;C:\Program Files (x86)\Common Files\Oracle\Java\javapath;C:\Program Files\Eclipse Adoptium\jdk-8.0.402.6-hotspot\bin;c:\windows\system32;c:\windows;c:\windows\system32\wbem;c:\windows\system32\windowspowershell\v1.0\;c:\windows\system32\openssh\;c:\program files\microsoft sql server\150\tools\binn\;c:\program files\microsoft sql server\client sdk\odbc\170\tools\binn\;c:\program files\dotnet\;c:\program files (x86)\windows kits\10\windows performance toolkit\;C:\Program Files (x86)\NVIDIA Corporation\PhysX\Common;C:\Program Files\Git\cmd;C:\Program Files\playit_gg\bin\;C:\Program Files\nodejs\;C:\Gradle\gradle-8.14.1\bin;;C:\Program Files\NVIDIA Corporation\NVIDIA App\NvDLISR;C:\Users\royle\AppData\Local\Programs\Python\Launcher\;C:\Users\royle\AppData\Local\Microsoft\WindowsApps;C:\Users\royle\.dotnet\tools;C:\Users\royle\AppData\Local\Programs\Microsoft VS Code\bin;C:\Users\royle\AppData\Roaming\npm;C:\Program Files (x86)\Jar2Exe Wizard\;C:\Program Files\Eclipse Adoptium\jdk-8.0.402.6-hotspot\bin
Check launcher:	C:\Program Files\National Instruments\Shared\OpenVINO\bin\javaw.exe (not found)
Check launcher:	C:\Program Files\Oculus\Support\oculus-runtime\bin\javaw.exe (not found)
Check launcher:	C:\Program Files\Common Files\Oracle\Java\javapath\bin\javaw.exe (not found)
Check launcher:	C:\Program Files (x86)\Common Files\Oracle\Java\java8path\bin\javaw.exe (not found)
Check launcher:	C:\Program Files (x86)\Common Files\Oracle\Java\javapath\bin\javaw.exe (not found)
Check launcher:	C:\Program Files\Eclipse Adoptium\jdk-8.0.402.6-hotspot\bin\javaw.exe (OK)
Version string: 1.008.000_402 / 64-Bit (OK)
Launcher:	C:\Program Files\Eclipse Adoptium\jdk-8.0.402.6-hotspot\bin\javaw.exe
Launcher args:	-jar "D:\Programming\funsies\CCC\CCC.exe"
Args length:	41/32768 chars
Exit code:	0


Version:	3.50
CmdLine:	D:\Programming\funsies\CCC\CCC.exe --l4j-debug
JNI:		No
WOW64:		Yes
Working dir:	D:\Programming\funsies\CCC\.
Requires JDK:	No
Requires 64-Bit: No
Java min ver:	1.017.000
Java max ver:	1.021.000
Substitute:	JAVA_HOME = 
Substitute:	PATH = C:\Program Files\National Instruments\Shared\OpenVINO\;C:\Program Files\Oculus\Support\oculus-runtime;C:\Program Files\Common Files\Oracle\Java\javapath;C:\Program Files (x86)\Common Files\Oracle\Java\java8path;C:\Program Files (x86)\Common Files\Oracle\Java\javapath;C:\Program Files\Eclipse Adoptium\jdk-8.0.402.6-hotspot\bin;c:\windows\system32;c:\windows;c:\windows\system32\wbem;c:\windows\system32\windowspowershell\v1.0\;c:\windows\system32\openssh\;c:\program files\microsoft sql server\150\tools\binn\;c:\program files\microsoft sql server\client sdk\odbc\170\tools\binn\;c:\program files\dotnet\;c:\program files (x86)\windows kits\10\windows performance toolkit\;C:\Program Files (x86)\NVIDIA Corporation\PhysX\Common;C:\Program Files\Git\cmd;C:\Program Files\playit_gg\bin\;C:\Program Files\nodejs\;C:\Gradle\gradle-8.14.1\bin;;C:\Program Files\NVIDIA Corporation\NVIDIA App\NvDLISR;C:\Users\royle\AppData\Local\Programs\Python\Launcher\;C:\Users\royle\AppData\Local\Microsoft\WindowsApps;C:\Users\royle\.dotnet\tools;C:\Users\royle\AppData\Local\Programs\Microsoft VS Code\bin;C:\Users\royle\AppData\Roaming\npm;C:\Program Files (x86)\Jar2Exe Wizard\;C:\Program Files\Eclipse Adoptium\jdk-8.0.402.6-hotspot\bin
JRE paths:	;C:\Program Files\National Instruments\Shared\OpenVINO\;C:\Program Files\Oculus\Support\oculus-runtime;C:\Program Files\Common Files\Oracle\Java\javapath;C:\Program Files (x86)\Common Files\Oracle\Java\java8path;C:\Program Files (x86)\Common Files\Oracle\Java\javapath;C:\Program Files\Eclipse Adoptium\jdk-8.0.402.6-hotspot\bin;c:\windows\system32;c:\windows;c:\windows\system32\wbem;c:\windows\system32\windowspowershell\v1.0\;c:\windows\system32\openssh\;c:\program files\microsoft sql server\150\tools\binn\;c:\program files\microsoft sql server\client sdk\odbc\170\tools\binn\;c:\program files\dotnet\;c:\program files (x86)\windows kits\10\windows performance toolkit\;C:\Program Files (x86)\NVIDIA Corporation\PhysX\Common;C:\Program Files\Git\cmd;C:\Program Files\playit_gg\bin\;C:\Program Files\nodejs\;C:\Gradle\gradle-8.14.1\bin;;C:\Program Files\NVIDIA Corporation\NVIDIA App\NvDLISR;C:\Users\royle\AppData\Local\Programs\Python\Launcher\;C:\Users\royle\AppData\Local\Microsoft\WindowsApps;C:\Users\royle\.dotnet\tools;C:\Users\royle\AppData\Local\Programs\Microsoft VS Code\bin;C:\Users\royle\AppData\Roaming\npm;C:\Program Files (x86)\Jar2Exe Wizard\;C:\Program Files\Eclipse Adoptium\jdk-8.0.402.6-hotspot\bin
Check launcher:	C:\Program Files\National Instruments\Shared\OpenVINO\bin\javaw.exe (not found)
Check launcher:	C:\Program Files\Oculus\Support\oculus-runtime\bin\javaw.exe (not found)
Check launcher:	C:\Program Files\Common Files\Oracle\Java\javapath\bin\javaw.exe (not found)
Check launcher:	C:\Program Files (x86)\Common Files\Oracle\Java\java8path\bin\javaw.exe (not found)
Check launcher:	C:\Program Files (x86)\Common Files\Oracle\Java\javapath\bin\javaw.exe (not found)
Check launcher:	C:\Program Files\Eclipse Adoptium\jdk-8.0.402.6-hotspot\bin\javaw.exe (OK)
Version string: 1.008.000_402 / 64-Bit (Ignore)
Check launcher:	c:\windows\system32\bin\javaw.exe (not found)
Check launcher:	c:\windows\bin\javaw.exe (not found)
Check launcher:	c:\windows\system32\wbem\bin\javaw.exe (not found)
Check launcher:	c:\windows\system32\windowspowershell\v1.0\bin\javaw.exe (not found)
Check launcher:	c:\windows\system32\openssh\bin\javaw.exe (not found)
Check launcher:	c:\program files\microsoft sql server\150\tools\binn\bin\javaw.exe (not found)
Check launcher:	c:\program files\microsoft sql server\client sdk\odbc\170\tools\binn\bin\javaw.exe (not found)
Check launcher:	c:\program files\dotnet\bin\javaw.exe (not found)
Check launcher:	c:\program files (x86)\windows kits\10\windows performance toolkit\bin\javaw.exe (not found)
Check launcher:	C:\Program Files (x86)\NVIDIA Corporation\PhysX\Common\bin\javaw.exe (not found)
Check launcher:	C:\Program Files\Git\cmd\bin\javaw.exe (not found)
Check launcher:	C:\Program Files\playit_gg\bin\bin\javaw.exe (not found)
Check launcher:	C:\Program Files\nodejs\bin\javaw.exe (not found)
Check launcher:	C:\Gradle\gradle-8.14.1\bin\javaw.exe (not found)
Check launcher:	C:\Program Files\NVIDIA Corporation\NVIDIA App\NvDLISR\bin\javaw.exe (not found)
Check launcher:	C:\Users\royle\AppData\Local\Programs\Python\Launcher\bin\javaw.exe (not found)
Check launcher:	C:\Users\royle\AppData\Local\Microsoft\WindowsApps\bin\javaw.exe (not found)
Check launcher:	C:\Users\royle\.dotnet\tools\bin\javaw.exe (not found)
Check launcher:	C:\Users\royle\AppData\Local\Programs\Microsoft VS Code\bin\javaw.exe (not found)
Check launcher:	C:\Users\royle\AppData\Roaming\npm\bin\javaw.exe (not found)
Check launcher:	C:\Program Files (x86)\Jar2Exe Wizard\bin\javaw.exe (not found)
Check launcher:	C:\Program Files\Eclipse Adoptium\jdk-8.0.402.6-hotspot\bin\javaw.exe (OK)
Version string: 1.008.000_402 / 64-Bit (Ignore)
64-bit search:	SOFTWARE\JavaSoft\Java Runtime Environment...
Check:		SOFTWARE\JavaSoft\Java Runtime Environment\1.8
Version string: 1.008.000 / 64-Bit (Ignore)
Ignore:		1.008.000
Check:		SOFTWARE\JavaSoft\Java Runtime Environment\1.8.0_441
Version string: 1.008.000_441 / 64-Bit (Ignore)
Ignore:		1.008.000_441
32-bit search:	SOFTWARE\JavaSoft\Java Runtime Environment...
Check:		SOFTWARE\JavaSoft\Java Runtime Environment\1.8
Version string: 1.008.000 / 32-Bit (Ignore)
Ignore:		1.008.000
Check:		SOFTWARE\JavaSoft\Java Runtime Environment\1.8.0_441
Version string: 1.008.000_441 / 32-Bit (Ignore)
Ignore:		1.008.000_441
64-bit search:	SOFTWARE\JavaSoft\Java Development Kit...
32-bit search:	SOFTWARE\JavaSoft\Java Development Kit...
64-bit search:	SOFTWARE\JavaSoft\JRE...
32-bit search:	SOFTWARE\JavaSoft\JRE...
64-bit search:	SOFTWARE\JavaSoft\JDK...
Check:		SOFTWARE\JavaSoft\JDK\16.0.2
Version string: 1.016.000_002 / 64-Bit (Ignore)
Ignore:		1.016.000_002
Check:		SOFTWARE\JavaSoft\JDK\21.0.2
Version string: 1.021.000_002 / 64-Bit (Ignore)
Ignore:		1.021.000_002
32-bit search:	SOFTWARE\JavaSoft\JDK...
64-bit search:	SOFTWARE\IBM\Java Runtime Environment...
32-bit search:	SOFTWARE\IBM\Java Runtime Environment...
64-bit search:	SOFTWARE\IBM\Java Development Kit...
32-bit search:	SOFTWARE\IBM\Java Development Kit...
64-bit search:	SOFTWARE\IBM\Java2 Runtime Environment...
32-bit search:	SOFTWARE\IBM\Java2 Runtime Environment...
64-bit search:	SOFTWARE\IBM\Java Development Kit...
32-bit search:	SOFTWARE\IBM\Java Development Kit...
Error msg:	This application requires a Java Runtime Environment 17 - 21


Version:	3.50
CmdLine:	D:\Programming\funsies\CCC\CCC.exe --l4j-debug
JNI:		No
WOW64:		Yes
Working dir:	D:\Programming\funsies\CCC\.
Requires JDK:	No
Requires 64-Bit: No
Java min ver:	1.017.000
Java max ver:	
Substitute:	JAVA_HOME = 
Substitute:	PATH = C:\Program Files\National Instruments\Shared\OpenVINO\;C:\Program Files\Oculus\Support\oculus-runtime;C:\Program Files\Common Files\Oracle\Java\javapath;C:\Program Files (x86)\Common Files\Oracle\Java\java8path;C:\Program Files (x86)\Common Files\Oracle\Java\javapath;C:\Program Files\Eclipse Adoptium\jdk-8.0.402.6-hotspot\bin;c:\windows\system32;c:\windows;c:\windows\system32\wbem;c:\windows\system32\windowspowershell\v1.0\;c:\windows\system32\openssh\;c:\program files\microsoft sql server\150\tools\binn\;c:\program files\microsoft sql server\client sdk\odbc\170\tools\binn\;c:\program files\dotnet\;c:\program files (x86)\windows kits\10\windows performance toolkit\;C:\Program Files (x86)\NVIDIA Corporation\PhysX\Common;C:\Program Files\Git\cmd;C:\Program Files\playit_gg\bin\;C:\Program Files\nodejs\;C:\Gradle\gradle-8.14.1\bin;;C:\Program Files\NVIDIA Corporation\NVIDIA App\NvDLISR;C:\Users\royle\AppData\Local\Programs\Python\Launcher\;C:\Users\royle\AppData\Local\Microsoft\WindowsApps;C:\Users\royle\.dotnet\tools;C:\Users\royle\AppData\Local\Programs\Microsoft VS Code\bin;C:\Users\royle\AppData\Roaming\npm;C:\Program Files (x86)\Jar2Exe Wizard\;C:\Program Files\Eclipse Adoptium\jdk-8.0.402.6-hotspot\bin
JRE paths:	;C:\Program Files\National Instruments\Shared\OpenVINO\;C:\Program Files\Oculus\Support\oculus-runtime;C:\Program Files\Common Files\Oracle\Java\javapath;C:\Program Files (x86)\Common Files\Oracle\Java\java8path;C:\Program Files (x86)\Common Files\Oracle\Java\javapath;C:\Program Files\Eclipse Adoptium\jdk-8.0.402.6-hotspot\bin;c:\windows\system32;c:\windows;c:\windows\system32\wbem;c:\windows\system32\windowspowershell\v1.0\;c:\windows\system32\openssh\;c:\program files\microsoft sql server\150\tools\binn\;c:\program files\microsoft sql server\client sdk\odbc\170\tools\binn\;c:\program files\dotnet\;c:\program files (x86)\windows kits\10\windows performance toolkit\;C:\Program Files (x86)\NVIDIA Corporation\PhysX\Common;C:\Program Files\Git\cmd;C:\Program Files\playit_gg\bin\;C:\Program Files\nodejs\;C:\Gradle\gradle-8.14.1\bin;;C:\Program Files\NVIDIA Corporation\NVIDIA App\NvDLISR;C:\Users\royle\AppData\Local\Programs\Python\Launcher\;C:\Users\royle\AppData\Local\Microsoft\WindowsApps;C:\Users\royle\.dotnet\tools;C:\Users\royle\AppData\Local\Programs\Microsoft VS Code\bin;C:\Users\royle\AppData\Roaming\npm;C:\Program Files (x86)\Jar2Exe Wizard\;C:\Program Files\Eclipse Adoptium\jdk-8.0.402.6-hotspot\bin
Check launcher:	C:\Program Files\National Instruments\Shared\OpenVINO\bin\javaw.exe (not found)
Check launcher:	C:\Program Files\Oculus\Support\oculus-runtime\bin\javaw.exe (not found)
Check launcher:	C:\Program Files\Common Files\Oracle\Java\javapath\bin\javaw.exe (not found)
Check launcher:	C:\Program Files (x86)\Common Files\Oracle\Java\java8path\bin\javaw.exe (not found)
Check launcher:	C:\Program Files (x86)\Common Files\Oracle\Java\javapath\bin\javaw.exe (not found)
Check launcher:	C:\Program Files\Eclipse Adoptium\jdk-8.0.402.6-hotspot\bin\javaw.exe (OK)
Version string: 1.008.000_402 / 64-Bit (Ignore)
Check launcher:	c:\windows\system32\bin\javaw.exe (not found)
Check launcher:	c:\windows\bin\javaw.exe (not found)
Check launcher:	c:\windows\system32\wbem\bin\javaw.exe (not found)
Check launcher:	c:\windows\system32\windowspowershell\v1.0\bin\javaw.exe (not found)
Check launcher:	c:\windows\system32\openssh\bin\javaw.exe (not found)
Check launcher:	c:\program files\microsoft sql server\150\tools\binn\bin\javaw.exe (not found)
Check launcher:	c:\program files\microsoft sql server\client sdk\odbc\170\tools\binn\bin\javaw.exe (not found)
Check launcher:	c:\program files\dotnet\bin\javaw.exe (not found)
Check launcher:	c:\program files (x86)\windows kits\10\windows performance toolkit\bin\javaw.exe (not found)
Check launcher:	C:\Program Files (x86)\NVIDIA Corporation\PhysX\Common\bin\javaw.exe (not found)
Check launcher:	C:\Program Files\Git\cmd\bin\javaw.exe (not found)
Check launcher:	C:\Program Files\playit_gg\bin\bin\javaw.exe (not found)
Check launcher:	C:\Program Files\nodejs\bin\javaw.exe (not found)
Check launcher:	C:\Gradle\gradle-8.14.1\bin\javaw.exe (not found)
Check launcher:	C:\Program Files\NVIDIA Corporation\NVIDIA App\NvDLISR\bin\javaw.exe (not found)
Check launcher:	C:\Users\royle\AppData\Local\Programs\Python\Launcher\bin\javaw.exe (not found)
Check launcher:	C:\Users\royle\AppData\Local\Microsoft\WindowsApps\bin\javaw.exe (not found)
Check launcher:	C:\Users\royle\.dotnet\tools\bin\javaw.exe (not found)
Check launcher:	C:\Users\royle\AppData\Local\Programs\Microsoft VS Code\bin\javaw.exe (not found)
Check launcher:	C:\Users\royle\AppData\Roaming\npm\bin\javaw.exe (not found)
Check launcher:	C:\Program Files (x86)\Jar2Exe Wizard\bin\javaw.exe (not found)
Check launcher:	C:\Program Files\Eclipse Adoptium\jdk-8.0.402.6-hotspot\bin\javaw.exe (OK)
Version string: 1.008.000_402 / 64-Bit (Ignore)
64-bit search:	SOFTWARE\JavaSoft\Java Runtime Environment...
Check:		SOFTWARE\JavaSoft\Java Runtime Environment\1.8
Version string: 1.008.000 / 64-Bit (Ignore)
Ignore:		1.008.000
Check:		SOFTWARE\JavaSoft\Java Runtime Environment\1.8.0_441
Version string: 1.008.000_441 / 64-Bit (Ignore)
Ignore:		1.008.000_441
32-bit search:	SOFTWARE\JavaSoft\Java Runtime Environment...
Check:		SOFTWARE\JavaSoft\Java Runtime Environment\1.8
Version string: 1.008.000 / 32-Bit (Ignore)
Ignore:		1.008.000
Check:		SOFTWARE\JavaSoft\Java Runtime Environment\1.8.0_441
Version string: 1.008.000_441 / 32-Bit (Ignore)
Ignore:		1.008.000_441
64-bit search:	SOFTWARE\JavaSoft\Java Development Kit...
32-bit search:	SOFTWARE\JavaSoft\Java Development Kit...
64-bit search:	SOFTWARE\JavaSoft\JRE...
32-bit search:	SOFTWARE\JavaSoft\JRE...
64-bit search:	SOFTWARE\JavaSoft\JDK...
Check:		SOFTWARE\JavaSoft\JDK\16.0.2
Version string: 1.016.000_002 / 64-Bit (Ignore)
Ignore:		1.016.000_002
Check:		SOFTWARE\JavaSoft\JDK\21.0.2
Version string: 1.021.000_002 / 64-Bit (OK)
Check launcher:	C:\Program Files\Java\jdk-21\bin\javaw.exe (OK)
Match:		1.021.000_002
Runtime used:	1.021.000_002 (64-bit)
Launcher:	C:\Program Files\Java\jdk-21\bin\javaw.exe
Launcher args:	-jar "D:\Programming\funsies\CCC\..\build\libs\cookieclickerclone-0.1.0.jar"
Args length:	76/32768 chars
Exit code:	0


Version:	3.50
CmdLine:	D:\Programming\funsies\CCC\CCC.exe --l4j-debug
JNI:		No
WOW64:		Yes
Working dir:	D:\Programming\funsies\CCC\.
Requires JDK:	No
Requires 64-Bit: No
Java min ver:	1.017.000
Java max ver:	
Substitute:	JAVA_HOME = 
Substitute:	PATH = C:\Program Files\National Instruments\Shared\OpenVINO\;C:\Program Files\Oculus\Support\oculus-runtime;C:\Program Files\Common Files\Oracle\Java\javapath;C:\Program Files (x86)\Common Files\Oracle\Java\java8path;C:\Program Files (x86)\Common Files\Oracle\Java\javapath;C:\Program Files\Eclipse Adoptium\jdk-8.0.402.6-hotspot\bin;c:\windows\system32;c:\windows;c:\windows\system32\wbem;c:\windows\system32\windowspowershell\v1.0\;c:\windows\system32\openssh\;c:\program files\microsoft sql server\150\tools\binn\;c:\program files\microsoft sql server\client sdk\odbc\170\tools\binn\;c:\program files\dotnet\;c:\program files (x86)\windows kits\10\windows performance toolkit\;C:\Program Files (x86)\NVIDIA Corporation\PhysX\Common;C:\Program Files\Git\cmd;C:\Program Files\playit_gg\bin\;C:\Program Files\nodejs\;C:\Gradle\gradle-8.14.1\bin;;C:\Program Files\NVIDIA Corporation\NVIDIA App\NvDLISR;C:\Users\royle\AppData\Local\Programs\Python\Launcher\;C:\Users\royle\AppData\Local\Microsoft\WindowsApps;C:\Users\royle\.dotnet\tools;C:\Users\royle\AppData\Local\Programs\Microsoft VS Code\bin;C:\Users\royle\AppData\Roaming\npm;C:\Program Files (x86)\Jar2Exe Wizard\;C:\Program Files\Eclipse Adoptium\jdk-8.0.402.6-hotspot\bin
JRE paths:	;C:\Program Files\National Instruments\Shared\OpenVINO\;C:\Program Files\Oculus\Support\oculus-runtime;C:\Program Files\Common Files\Oracle\Java\javapath;C:\Program Files (x86)\Common Files\Oracle\Java\java8path;C:\Program Files (x86)\Common Files\Oracle\Java\javapath;C:\Program Files\Eclipse Adoptium\jdk-8.0.402.6-hotspot\bin;c:\windows\system32;c:\windows;c:\windows\system32\wbem;c:\windows\system32\windowspowershell\v1.0\;c:\windows\system32\openssh\;c:\program files\microsoft sql server\150\tools\binn\;c:\program files\microsoft sql server\client sdk\odbc\170\tools\binn\;c:\program files\dotnet\;c:\program files (x86)\windows kits\10\windows performance toolkit\;C:\Program Files (x86)\NVIDIA Corporation\PhysX\Common;C:\Program Files\Git\cmd;C:\Program Files\playit_gg\bin\;C:\Program Files\nodejs\;C:\Gradle\gradle-8.14.1\bin;;C:\Program Files\NVIDIA Corporation\NVIDIA App\NvDLISR;C:\Users\royle\AppData\Local\Programs\Python\Launcher\;C:\Users\royle\AppData\Local\Microsoft\WindowsApps;C:\Users\royle\.dotnet\tools;C:\Users\royle\AppData\Local\Programs\Microsoft VS Code\bin;C:\Users\royle\AppData\Roaming\npm;C:\Program Files (x86)\Jar2Exe Wizard\;C:\Program Files\Eclipse Adoptium\jdk-8.0.402.6-hotspot\bin
Check launcher:	C:\Program Files\National Instruments\Shared\OpenVINO\bin\javaw.exe (not found)
Check launcher:	C:\Program Files\Oculus\Support\oculus-runtime\bin\javaw.exe (not found)
Check launcher:	C:\Program Files\Common Files\Oracle\Java\javapath\bin\javaw.exe (not found)
Check launcher:	C:\Program Files (x86)\Common Files\Oracle\Java\java8path\bin\javaw.exe (not found)
Check launcher:	C:\Program Files (x86)\Common Files\Oracle\Java\javapath\bin\javaw.exe (not found)
Check launcher:	C:\Program Files\Eclipse Adoptium\jdk-8.0.402.6-hotspot\bin\javaw.exe (OK)
Version string: 1.008.000_402 / 64-Bit (Ignore)
Check launcher:	c:\windows\system32\bin\javaw.exe (not found)
Check launcher:	c:\windows\bin\javaw.exe (not found)
Check launcher:	c:\windows\system32\wbem\bin\javaw.exe (not found)
Check launcher:	c:\windows\system32\windowspowershell\v1.0\bin\javaw.exe (not found)
Check launcher:	c:\windows\system32\openssh\bin\javaw.exe (not found)
Check launcher:	c:\program files\microsoft sql server\150\tools\binn\bin\javaw.exe (not found)
Check launcher:	c:\program files\microsoft sql server\client sdk\odbc\170\tools\binn\bin\javaw.exe (not found)
Check launcher:	c:\program files\dotnet\bin\javaw.exe (not found)
Check launcher:	c:\program files (x86)\windows kits\10\windows performance toolkit\bin\javaw.exe (not found)
Check launcher:	C:\Program Files (x86)\NVIDIA Corporation\PhysX\Common\bin\javaw.exe (not found)
Check launcher:	C:\Program Files\Git\cmd\bin\javaw.exe (not found)
Check launcher:	C:\Program Files\playit_gg\bin\bin\javaw.exe (not found)
Check launcher:	C:\Program Files\nodejs\bin\javaw.exe (not found)
Check launcher:	C:\Gradle\gradle-8.14.1\bin\javaw.exe (not found)
Check launcher:	C:\Program Files\NVIDIA Corporation\NVIDIA App\NvDLISR\bin\javaw.exe (not found)
Check launcher:	C:\Users\royle\AppData\Local\Programs\Python\Launcher\bin\javaw.exe (not found)
Check launcher:	C:\Users\royle\AppData\Local\Microsoft\WindowsApps\bin\javaw.exe (not found)
Check launcher:	C:\Users\royle\.dotnet\tools\bin\javaw.exe (not found)
Check launcher:	C:\Users\royle\AppData\Local\Programs\Microsoft VS Code\bin\javaw.exe (not found)
Check launcher:	C:\Users\royle\AppData\Roaming\npm\bin\javaw.exe (not found)
Check launcher:	C:\Program Files (x86)\Jar2Exe Wizard\bin\javaw.exe (not found)
Check launcher:	C:\Program Files\Eclipse Adoptium\jdk-8.0.402.6-hotspot\bin\javaw.exe (OK)
Version string: 1.008.000_402 / 64-Bit (Ignore)
64-bit search:	SOFTWARE\JavaSoft\Java Runtime Environment...
Check:		SOFTWARE\JavaSoft\Java Runtime Environment\1.8
Version string: 1.008.000 / 64-Bit (Ignore)
Ignore:		1.008.000
Check:		SOFTWARE\JavaSoft\Java Runtime Environment\1.8.0_441
Version string: 1.008.000_441 / 64-Bit (Ignore)
Ignore:		1.008.000_441
32-bit search:	SOFTWARE\JavaSoft\Java Runtime Environment...
Check:		SOFTWARE\JavaSoft\Java Runtime Environment\1.8
Version string: 1.008.000 / 32-Bit (Ignore)
Ignore:		1.008.000
Check:		SOFTWARE\JavaSoft\Java Runtime Environment\1.8.0_441
Version string: 1.008.000_441 / 32-Bit (Ignore)
Ignore:		1.008.000_441
64-bit search:	SOFTWARE\JavaSoft\Java Development Kit...
32-bit search:	SOFTWARE\JavaSoft\Java Development Kit...
64-bit search:	SOFTWARE\JavaSoft\JRE...
32-bit search:	SOFTWARE\JavaSoft\JRE...
64-bit search:	SOFTWARE\JavaSoft\JDK...
Check:		SOFTWARE\JavaSoft\JDK\16.0.2
Version string: 1.016.000_002 / 64-Bit (Ignore)
Ignore:		1.016.000_002
Check:		SOFTWARE\JavaSoft\JDK\21.0.2
Version string: 1.021.000_002 / 64-Bit (OK)
Check launcher:	C:\Program Files\Java\jdk-21\bin\javaw.exe (OK)
Match:		1.021.000_002
Runtime used:	1.021.000_002 (64-bit)
Launcher:	C:\Program Files\Java\jdk-21\bin\javaw.exe
Launcher args:	-jar "D:\Programming\funsies\CCC\..\build\libs\cookieclickerclone-0.1.0.jar"
Args length:	76/32768 chars
Exit code:	0


Version:	3.50
CmdLine:	D:\Programming\funsies\CCC\CCC.exe --l4j-debug
JNI:		No
WOW64:		Yes
Working dir:	D:\Programming\funsies\CCC\.
Requires JDK:	No
Requires 64-Bit: No
Java min ver:	1.017.000
Java max ver:	
Substitute:	JAVA_HOME = 
Substitute:	PATH = C:\Program Files\National Instruments\Shared\OpenVINO\;C:\Program Files\Oculus\Support\oculus-runtime;C:\Program Files\Common Files\Oracle\Java\javapath;C:\Program Files (x86)\Common Files\Oracle\Java\java8path;C:\Program Files (x86)\Common Files\Oracle\Java\javapath;C:\Program Files\Eclipse Adoptium\jdk-8.0.402.6-hotspot\bin;c:\windows\system32;c:\windows;c:\windows\system32\wbem;c:\windows\system32\windowspowershell\v1.0\;c:\windows\system32\openssh\;c:\program files\microsoft sql server\150\tools\binn\;c:\program files\microsoft sql server\client sdk\odbc\170\tools\binn\;c:\program files\dotnet\;c:\program files (x86)\windows kits\10\windows performance toolkit\;C:\Program Files (x86)\NVIDIA Corporation\PhysX\Common;C:\Program Files\Git\cmd;C:\Program Files\playit_gg\bin\;C:\Program Files\nodejs\;C:\Gradle\gradle-8.14.1\bin;;C:\Program Files\NVIDIA Corporation\NVIDIA App\NvDLISR;C:\Users\royle\AppData\Local\Programs\Python\Launcher\;C:\Users\royle\AppData\Local\Microsoft\WindowsApps;C:\Users\royle\.dotnet\tools;C:\Users\royle\AppData\Local\Programs\Microsoft VS Code\bin;C:\Users\royle\AppData\Roaming\npm;C:\Program Files (x86)\Jar2Exe Wizard\;C:\Program Files\Eclipse Adoptium\jdk-8.0.402.6-hotspot\bin
JRE paths:	;C:\Program Files\National Instruments\Shared\OpenVINO\;C:\Program Files\Oculus\Support\oculus-runtime;C:\Program Files\Common Files\Oracle\Java\javapath;C:\Program Files (x86)\Common Files\Oracle\Java\java8path;C:\Program Files (x86)\Common Files\Oracle\Java\javapath;C:\Program Files\Eclipse Adoptium\jdk-8.0.402.6-hotspot\bin;c:\windows\system32;c:\windows;c:\windows\system32\wbem;c:\windows\system32\windowspowershell\v1.0\;c:\windows\system32\openssh\;c:\program files\microsoft sql server\150\tools\binn\;c:\program files\microsoft sql server\client sdk\odbc\170\tools\binn\;c:\program files\dotnet\;c:\program files (x86)\windows kits\10\windows performance toolkit\;C:\Program Files (x86)\NVIDIA Corporation\PhysX\Common;C:\Program Files\Git\cmd;C:\Program Files\playit_gg\bin\;C:\Program Files\nodejs\;C:\Gradle\gradle-8.14.1\bin;;C:\Program Files\NVIDIA Corporation\NVIDIA App\NvDLISR;C:\Users\royle\AppData\Local\Programs\Python\Launcher\;C:\Users\royle\AppData\Local\Microsoft\WindowsApps;C:\Users\royle\.dotnet\tools;C:\Users\royle\AppData\Local\Programs\Microsoft VS Code\bin;C:\Users\royle\AppData\Roaming\npm;C:\Program Files (x86)\Jar2Exe Wizard\;C:\Program Files\Eclipse Adoptium\jdk-8.0.402.6-hotspot\bin
Check launcher:	C:\Program Files\National Instruments\Shared\OpenVINO\bin\javaw.exe (not found)
Check launcher:	C:\Program Files\Oculus\Support\oculus-runtime\bin\javaw.exe (not found)
Check launcher:	C:\Program Files\Common Files\Oracle\Java\javapath\bin\javaw.exe (not found)
Check launcher:	C:\Program Files (x86)\Common Files\Oracle\Java\java8path\bin\javaw.exe (not found)
Check launcher:	C:\Program Files (x86)\Common Files\Oracle\Java\javapath\bin\javaw.exe (not found)
Check launcher:	C:\Program Files\Eclipse Adoptium\jdk-8.0.402.6-hotspot\bin\javaw.exe (OK)
Version string: 1.008.000_402 / 64-Bit (Ignore)
Check launcher:	c:\windows\system32\bin\javaw.exe (not found)
Check launcher:	c:\windows\bin\javaw.exe (not found)
Check launcher:	c:\windows\system32\wbem\bin\javaw.exe (not found)
Check launcher:	c:\windows\system32\windowspowershell\v1.0\bin\javaw.exe (not found)
Check launcher:	c:\windows\system32\openssh\bin\javaw.exe (not found)
Check launcher:	c:\program files\microsoft sql server\150\tools\binn\bin\javaw.exe (not found)
Check launcher:	c:\program files\microsoft sql server\client sdk\odbc\170\tools\binn\bin\javaw.exe (not found)
Check launcher:	c:\program files\dotnet\bin\javaw.exe (not found)
Check launcher:	c:\program files (x86)\windows kits\10\windows performance toolkit\bin\javaw.exe (not found)
Check launcher:	C:\Program Files (x86)\NVIDIA Corporation\PhysX\Common\bin\javaw.exe (not found)
Check launcher:	C:\Program Files\Git\cmd\bin\javaw.exe (not found)
Check launcher:	C:\Program Files\playit_gg\bin\bin\javaw.exe (not found)
Check launcher:	C:\Program Files\nodejs\bin\javaw.exe (not found)
Check launcher:	C:\Gradle\gradle-8.14.1\bin\javaw.exe (not found)
Check launcher:	C:\Program Files\NVIDIA Corporation\NVIDIA App\NvDLISR\bin\javaw.exe (not found)
Check launcher:	C:\Users\royle\AppData\Local\Programs\Python\Launcher\bin\javaw.exe (not found)
Check launcher:	C:\Users\royle\AppData\Local\Microsoft\WindowsApps\bin\javaw.exe (not found)
Check launcher:	C:\Users\royle\.dotnet\tools\bin\javaw.exe (not found)
Check launcher:	C:\Users\royle\AppData\Local\Programs\Microsoft VS Code\bin\javaw.exe (not found)
Check launcher:	C:\Users\royle\AppData\Roaming\npm\bin\javaw.exe (not found)
Check launcher:	C:\Program Files (x86)\Jar2Exe Wizard\bin\javaw.exe (not found)
Check launcher:	C:\Program Files\Eclipse Adoptium\jdk-8.0.402.6-hotspot\bin\javaw.exe (OK)
Version string: 1.008.000_402 / 64-Bit (Ignore)
64-bit search:	SOFTWARE\JavaSoft\Java Runtime Environment...
Check:		SOFTWARE\JavaSoft\Java Runtime Environment\1.8
Version string: 1.008.000 / 64-Bit (Ignore)
Ignore:		1.008.000
Check:		SOFTWARE\JavaSoft\Java Runtime Environment\1.8.0_441
Version string: 1.008.000_441 / 64-Bit (Ignore)
Ignore:		1.008.000_441
32-bit search:	SOFTWARE\JavaSoft\Java Runtime Environment...
Check:		SOFTWARE\JavaSoft\Java Runtime Environment\1.8
Version string: 1.008.000 / 32-Bit (Ignore)
Ignore:		1.008.000
Check:		SOFTWARE\JavaSoft\Java Runtime Environment\1.8.0_441
Version string: 1.008.000_441 / 32-Bit (Ignore)
Ignore:		1.008.000_441
64-bit search:	SOFTWARE\JavaSoft\Java Development Kit...
32-bit search:	SOFTWARE\JavaSoft\Java Development Kit...
64-bit search:	SOFTWARE\JavaSoft\JRE...
32-bit search:	SOFTWARE\JavaSoft\JRE...
64-bit search:	SOFTWARE\JavaSoft\JDK...
Check:		SOFTWARE\JavaSoft\JDK\16.0.2
Version string: 1.016.000_002 / 64-Bit (Ignore)
Ignore:		1.016.000_002
Check:		SOFTWARE\JavaSoft\JDK\21.0.2
Version string: 1.021.000_002 / 64-Bit (OK)
Check launcher:	C:\Program Files\Java\jdk-21\bin\javaw.exe (OK)
Match:		1.021.000_002
Runtime used:	1.021.000_002 (64-bit)
Launcher:	C:\Program Files\Java\jdk-21\bin\javaw.exe
Launcher args:	-jar "D:\Programming\funsies\CCC\CCC.exe"
Args length:	41/32768 chars
Exit code:	0
